\BOOKMARK [1][-]{Doc-Start}{Preface}{}% 1
\BOOKMARK [1][-]{section*.1}{Acknowledgment}{}% 2
\BOOKMARK [1][-]{section*.2}{Summary and Conclusions}{}% 3
\BOOKMARK [0][-]{chapter.1}{Introduction}{}% 4
\BOOKMARK [1][-]{section.1.1}{Background}{chapter.1}% 5
\BOOKMARK [1][-]{section.1.2}{Objectives}{chapter.1}% 6
\BOOKMARK [1][-]{section.1.3}{Limitations}{chapter.1}% 7
\BOOKMARK [1][-]{section.1.4}{Approach}{chapter.1}% 8
\BOOKMARK [1][-]{section.1.5}{Structure of the Report}{chapter.1}% 9
\BOOKMARK [0][-]{chapter.2}{Existing Solutions and Framework}{}% 10
\BOOKMARK [1][-]{section.2.1}{Robot Operating System \(ROS\)}{chapter.2}% 11
\BOOKMARK [2][-]{subsection.2.1.1}{Marine Robotics Operating System \(MROS\)}{section.2.1}% 12
\BOOKMARK [2][-]{subsection.2.1.2}{Gazebo}{section.2.1}% 13
\BOOKMARK [1][-]{section.2.2}{CyberSea Simulator}{chapter.2}% 14
\BOOKMARK [1][-]{section.2.3}{Marine Systems Simulator \(MSS\)}{chapter.2}% 15
\BOOKMARK [1][-]{section.2.4}{MCSim \(Marine Cybernetics\)}{chapter.2}% 16
\BOOKMARK [0][-]{chapter.3}{Implementation and Simulation of Sensors}{}% 17
\BOOKMARK [1][-]{section.3.1}{Sensors for Situational Analyzis Implemented on Odin}{chapter.3}% 18
\BOOKMARK [2][-]{subsection.3.1.1}{Seapath 134 GPS}{section.3.1}% 19
\BOOKMARK [2][-]{subsection.3.1.2}{Radar}{section.3.1}% 20
\BOOKMARK [2][-]{subsection.3.1.3}{Velodyne LiDAR HDL-32E}{section.3.1}% 21
\BOOKMARK [1][-]{section.3.2}{Simulation of Sensor Data from Virtual Environment}{chapter.3}% 22
\BOOKMARK [2][-]{subsection.3.2.1}{Simulating Data from Radar}{section.3.2}% 23
\BOOKMARK [2][-]{subsection.3.2.2}{Simulating Data from LiDAR}{section.3.2}% 24
\BOOKMARK [2][-]{subsection.3.2.3}{Raw vs Preprocessed Sensor Data}{section.3.2}% 25
\BOOKMARK [0][-]{chapter.4}{Simulator - HIL interface}{}% 26
\BOOKMARK [1][-]{section.4.1}{Physical Interface}{chapter.4}% 27
\BOOKMARK [1][-]{section.4.2}{Software Interface}{chapter.4}% 28
\BOOKMARK [2][-]{subsection.4.2.1}{Necessary Exchange of Information}{section.4.2}% 29
\BOOKMARK [2][-]{subsection.4.2.2}{Message Protocol}{section.4.2}% 30
\BOOKMARK [0][-]{chapter.5}{Logging and Visualization of Simulation}{}% 31
\BOOKMARK [1][-]{section.5.1}{Logging}{chapter.5}% 32
\BOOKMARK [1][-]{section.5.2}{Visualization}{chapter.5}% 33
\BOOKMARK [1][-]{section.5.3}{C++ example?}{chapter.5}% 34
\BOOKMARK [0][-]{chapter.6}{Use of Model in Autonomous Testing Environment \(ROS\)}{}% 35
\BOOKMARK [0][-]{chapter.7}{Other Agents and their Behavior as Part of Simulated Environment}{}% 36
\BOOKMARK [1][-]{section.7.1}{Possible Agents}{chapter.7}% 37
\BOOKMARK [2][-]{subsection.7.1.1}{Ships}{section.7.1}% 38
\BOOKMARK [2][-]{subsection.7.1.2}{Boats}{section.7.1}% 39
\BOOKMARK [1][-]{section.7.2}{Pros and Cons of Agents Behavior}{chapter.7}% 40
\BOOKMARK [2][-]{subsection.7.2.1}{Reactivity?}{section.7.2}% 41
\BOOKMARK [2][-]{subsection.7.2.2}{Predictability}{section.7.2}% 42
\BOOKMARK [2][-]{subsection.7.2.3}{Possibility of Repeating Scenario}{section.7.2}% 43
\BOOKMARK [0][-]{chapter.8}{Summary}{}% 44
\BOOKMARK [1][-]{section.8.1}{Summary and Conclusions}{chapter.8}% 45
\BOOKMARK [1][-]{section.8.2}{Discussion}{chapter.8}% 46
\BOOKMARK [1][-]{section.8.3}{Recommendations for Further Work}{chapter.8}% 47
\BOOKMARK [0][-]{appendix.A}{Acronyms}{}% 48
\BOOKMARK [0][-]{appendix.B}{Additional Information}{}% 49
\BOOKMARK [1][-]{section.B.1}{Introduction}{appendix.B}% 50
\BOOKMARK [2][-]{subsection.B.1.1}{More Details}{section.B.1}% 51
\BOOKMARK [0][-]{subsection.B.1.1}{Bibliography}{}% 52
